0 info it worked if it ends with ok
1 verbose cli [ '/usr/local/node/bin/node',
1 verbose cli   '/usr/local/node/bin/npm',
1 verbose cli   'run',
1 verbose cli   'watch' ]
2 info using npm@1.4.14
3 info using node@v0.10.29
4 verbose run-script [ 'prewatch', 'watch', 'postwatch' ]
5 info prewatch dibster@0.0.0
6 info watch dibster@0.0.0
7 verbose unsafe-perm in lifecycle true
8 info dibster@0.0.0 Failed to exec watch script
9 error dibster@0.0.0 watch: `mocha test --recursive -R spec --watch --timeout 9000`
9 error Exit status 8
10 error Failed at the dibster@0.0.0 watch script.
10 error This is most likely a problem with the dibster package,
10 error not with npm itself.
10 error Tell the author that this fails on your system:
10 error     mocha test --recursive -R spec --watch --timeout 9000
10 error You can get their info via:
10 error     npm owner ls dibster
10 error There is likely additional logging output above.
11 error System Linux 3.13.0-24-generic
12 error command "/usr/local/node/bin/node" "/usr/local/node/bin/npm" "run" "watch"
13 error cwd /home/nss/apps/code/dibster
14 error node -v v0.10.29
15 error npm -v 1.4.14
16 error code ELIFECYCLE
17 verbose exit [ 1, true ]
